2025-07-10 08:52:19,902 - INFO - Created raw.telegram_messages table
2025-07-10 08:52:19,964 - INFO - Processing data/raw/telegram_messages/2025-07-10/CheMed123/messages.json
2025-07-10 08:52:19,993 - INFO - Inserted message 97 from CheMed123
2025-07-10 08:52:19,996 - INFO - Inserted message 96 from CheMed123
2025-07-10 08:52:19,997 - INFO - Inserted message 95 from CheMed123
2025-07-10 08:52:19,998 - INFO - Inserted message 94 from CheMed123
2025-07-10 08:52:19,999 - INFO - Inserted message 93 from CheMed123
2025-07-10 08:52:20,000 - INFO - Inserted message 92 from CheMed123
2025-07-10 08:52:20,001 - INFO - Inserted message 91 from CheMed123
2025-07-10 08:52:20,002 - INFO - Inserted message 90 from CheMed123
2025-07-10 08:52:20,004 - INFO - Inserted message 89 from CheMed123
2025-07-10 08:52:20,006 - INFO - Inserted message 88 from CheMed123
2025-07-10 08:52:20,007 - INFO - Inserted message 87 from CheMed123
2025-07-10 08:52:20,009 - INFO - Inserted message 86 from CheMed123
2025-07-10 08:52:20,010 - INFO - Inserted message 85 from CheMed123
2025-07-10 08:52:20,012 - INFO - Inserted message 82 from CheMed123
2025-07-10 08:52:20,013 - INFO - Inserted message 81 from CheMed123
2025-07-10 08:52:20,015 - INFO - Inserted message 80 from CheMed123
2025-07-10 08:52:20,016 - INFO - Inserted message 79 from CheMed123
2025-07-10 08:52:20,018 - INFO - Inserted message 78 from CheMed123
2025-07-10 08:52:20,019 - INFO - Inserted message 77 from CheMed123
2025-07-10 08:52:20,020 - INFO - Inserted message 76 from CheMed123
2025-07-10 08:52:20,021 - INFO - Inserted message 75 from CheMed123
2025-07-10 08:52:20,022 - INFO - Inserted message 74 from CheMed123
2025-07-10 08:52:20,022 - INFO - Inserted message 73 from CheMed123
2025-07-10 08:52:20,024 - INFO - Inserted message 71 from CheMed123
2025-07-10 08:52:20,028 - INFO - Inserted message 70 from CheMed123
2025-07-10 08:52:20,029 - INFO - Inserted message 67 from CheMed123
2025-07-10 08:52:20,031 - INFO - Inserted message 64 from CheMed123
2025-07-10 08:52:20,032 - INFO - Inserted message 62 from CheMed123
2025-07-10 08:52:20,034 - INFO - Inserted message 60 from CheMed123
2025-07-10 08:52:20,035 - INFO - Inserted message 59 from CheMed123
2025-07-10 08:52:20,036 - INFO - Inserted message 58 from CheMed123
2025-07-10 08:52:20,037 - INFO - Inserted message 57 from CheMed123
2025-07-10 08:52:20,038 - INFO - Inserted message 56 from CheMed123
2025-07-10 08:52:20,039 - INFO - Inserted message 55 from CheMed123
2025-07-10 08:52:20,041 - INFO - Inserted message 53 from CheMed123
2025-07-10 08:52:20,042 - INFO - Inserted message 52 from CheMed123
2025-07-10 08:52:20,043 - INFO - Inserted message 51 from CheMed123
2025-07-10 08:52:20,044 - INFO - Inserted message 50 from CheMed123
2025-07-10 08:52:20,046 - INFO - Inserted message 49 from CheMed123
2025-07-10 08:52:20,047 - INFO - Inserted message 48 from CheMed123
2025-07-10 08:52:20,049 - INFO - Inserted message 46 from CheMed123
2025-07-10 08:52:20,050 - INFO - Inserted message 45 from CheMed123
2025-07-10 08:52:20,051 - INFO - Inserted message 44 from CheMed123
2025-07-10 08:52:20,052 - INFO - Inserted message 43 from CheMed123
2025-07-10 08:52:20,053 - INFO - Inserted message 41 from CheMed123
2025-07-10 08:52:20,054 - INFO - Inserted message 40 from CheMed123
2025-07-10 08:52:20,055 - INFO - Inserted message 39 from CheMed123
2025-07-10 08:52:20,056 - INFO - Inserted message 38 from CheMed123
2025-07-10 08:52:20,056 - INFO - Inserted message 34 from CheMed123
2025-07-10 08:52:20,057 - INFO - Inserted message 33 from CheMed123
2025-07-10 08:52:20,058 - INFO - Inserted message 32 from CheMed123
2025-07-10 08:52:20,058 - INFO - Inserted message 31 from CheMed123
2025-07-10 08:52:20,059 - INFO - Inserted message 30 from CheMed123
2025-07-10 08:52:20,059 - INFO - Inserted message 29 from CheMed123
2025-07-10 08:52:20,060 - INFO - Inserted message 27 from CheMed123
2025-07-10 08:52:20,061 - INFO - Inserted message 26 from CheMed123
2025-07-10 08:52:20,063 - INFO - Inserted message 25 from CheMed123
2025-07-10 08:52:20,064 - INFO - Inserted message 23 from CheMed123
2025-07-10 08:52:20,067 - INFO - Inserted message 22 from CheMed123
2025-07-10 08:52:20,069 - INFO - Inserted message 21 from CheMed123
2025-07-10 08:52:20,071 - INFO - Inserted message 20 from CheMed123
2025-07-10 08:52:20,073 - INFO - Inserted message 19 from CheMed123
2025-07-10 08:52:20,075 - INFO - Inserted message 18 from CheMed123
2025-07-10 08:52:20,078 - INFO - Inserted message 17 from CheMed123
2025-07-10 08:52:20,079 - INFO - Inserted message 15 from CheMed123
2025-07-10 08:52:20,082 - INFO - Inserted message 14 from CheMed123
2025-07-10 08:52:20,085 - INFO - Inserted message 13 from CheMed123
2025-07-10 08:52:20,092 - INFO - Inserted message 11 from CheMed123
2025-07-10 08:52:20,094 - INFO - Inserted message 10 from CheMed123
2025-07-10 08:52:20,098 - INFO - Inserted message 9 from CheMed123
2025-07-10 08:52:20,103 - INFO - Inserted message 7 from CheMed123
2025-07-10 08:52:20,109 - INFO - Inserted message 6 from CheMed123
2025-07-10 08:52:20,119 - INFO - Inserted message 4 from CheMed123
2025-07-10 08:52:20,123 - INFO - Inserted message 3 from CheMed123
2025-07-10 08:52:20,127 - INFO - Inserted message 2 from CheMed123
2025-07-10 08:52:20,130 - INFO - Inserted message 1 from CheMed123
2025-07-10 08:52:20,139 - INFO - Loaded 76 messages from data/raw/telegram_messages/2025-07-10/CheMed123/messages.json
2025-07-10 08:52:20,167 - INFO - Processing data/raw/telegram_messages/2025-07-10/lobelia4cosmetics/messages.json
2025-07-10 08:52:20,201 - INFO - Inserted message 18506 from lobelia4cosmetics
2025-07-10 08:52:20,204 - INFO - Inserted message 18505 from lobelia4cosmetics
2025-07-10 08:52:20,206 - INFO - Inserted message 18504 from lobelia4cosmetics
2025-07-10 08:52:20,208 - INFO - Inserted message 18503 from lobelia4cosmetics
2025-07-10 08:52:20,210 - INFO - Inserted message 18502 from lobelia4cosmetics
2025-07-10 08:52:20,212 - INFO - Inserted message 18501 from lobelia4cosmetics
2025-07-10 08:52:20,214 - INFO - Inserted message 18500 from lobelia4cosmetics
2025-07-10 08:52:20,217 - INFO - Inserted message 18499 from lobelia4cosmetics
2025-07-10 08:52:20,219 - INFO - Inserted message 18498 from lobelia4cosmetics
2025-07-10 08:52:20,221 - INFO - Inserted message 18497 from lobelia4cosmetics
2025-07-10 08:52:20,224 - INFO - Inserted message 18496 from lobelia4cosmetics
2025-07-10 08:52:20,226 - INFO - Inserted message 18495 from lobelia4cosmetics
2025-07-10 08:52:20,228 - INFO - Inserted message 18494 from lobelia4cosmetics
2025-07-10 08:52:20,231 - INFO - Inserted message 18493 from lobelia4cosmetics
2025-07-10 08:52:20,233 - INFO - Inserted message 18492 from lobelia4cosmetics
2025-07-10 08:52:20,235 - INFO - Inserted message 18491 from lobelia4cosmetics
2025-07-10 08:52:20,236 - INFO - Inserted message 18490 from lobelia4cosmetics
2025-07-10 08:52:20,237 - INFO - Inserted message 18489 from lobelia4cosmetics
2025-07-10 08:52:20,238 - INFO - Inserted message 18488 from lobelia4cosmetics
2025-07-10 08:52:20,240 - INFO - Inserted message 18487 from lobelia4cosmetics
2025-07-10 08:52:20,242 - INFO - Inserted message 18486 from lobelia4cosmetics
2025-07-10 08:52:20,245 - INFO - Inserted message 18485 from lobelia4cosmetics
2025-07-10 08:52:20,247 - INFO - Inserted message 18484 from lobelia4cosmetics
2025-07-10 08:52:20,249 - INFO - Inserted message 18483 from lobelia4cosmetics
2025-07-10 08:52:20,252 - INFO - Inserted message 18482 from lobelia4cosmetics
2025-07-10 08:52:20,255 - INFO - Inserted message 18481 from lobelia4cosmetics
2025-07-10 08:52:20,258 - INFO - Inserted message 18480 from lobelia4cosmetics
2025-07-10 08:52:20,261 - INFO - Inserted message 18479 from lobelia4cosmetics
2025-07-10 08:52:20,264 - INFO - Inserted message 18478 from lobelia4cosmetics
2025-07-10 08:52:20,265 - INFO - Inserted message 18477 from lobelia4cosmetics
2025-07-10 08:52:20,266 - INFO - Inserted message 18476 from lobelia4cosmetics
2025-07-10 08:52:20,267 - INFO - Inserted message 18475 from lobelia4cosmetics
2025-07-10 08:52:20,269 - INFO - Inserted message 18474 from lobelia4cosmetics
2025-07-10 08:52:20,273 - INFO - Inserted message 18473 from lobelia4cosmetics
2025-07-10 08:52:20,276 - INFO - Inserted message 18472 from lobelia4cosmetics
2025-07-10 08:52:20,277 - INFO - Inserted message 18471 from lobelia4cosmetics
2025-07-10 08:52:20,278 - INFO - Inserted message 18470 from lobelia4cosmetics
2025-07-10 08:52:20,281 - INFO - Inserted message 18469 from lobelia4cosmetics
2025-07-10 08:52:20,284 - INFO - Inserted message 18468 from lobelia4cosmetics
2025-07-10 08:52:20,287 - INFO - Inserted message 18467 from lobelia4cosmetics
2025-07-10 08:52:20,290 - INFO - Inserted message 18466 from lobelia4cosmetics
2025-07-10 08:52:20,293 - INFO - Inserted message 18465 from lobelia4cosmetics
2025-07-10 08:52:20,296 - INFO - Inserted message 18464 from lobelia4cosmetics
2025-07-10 08:52:20,299 - INFO - Inserted message 18463 from lobelia4cosmetics
2025-07-10 08:52:20,303 - INFO - Inserted message 18462 from lobelia4cosmetics
2025-07-10 08:52:20,307 - INFO - Inserted message 18461 from lobelia4cosmetics
2025-07-10 08:52:20,310 - INFO - Inserted message 18460 from lobelia4cosmetics
2025-07-10 08:52:20,312 - INFO - Inserted message 18459 from lobelia4cosmetics
2025-07-10 08:52:20,314 - INFO - Inserted message 18458 from lobelia4cosmetics
2025-07-10 08:52:20,316 - INFO - Inserted message 18457 from lobelia4cosmetics
2025-07-10 08:52:20,320 - INFO - Inserted message 18456 from lobelia4cosmetics
2025-07-10 08:52:20,324 - INFO - Inserted message 18455 from lobelia4cosmetics
2025-07-10 08:52:20,327 - INFO - Inserted message 18454 from lobelia4cosmetics
2025-07-10 08:52:20,330 - INFO - Inserted message 18453 from lobelia4cosmetics
2025-07-10 08:52:20,334 - INFO - Inserted message 18452 from lobelia4cosmetics
2025-07-10 08:52:20,338 - INFO - Inserted message 18451 from lobelia4cosmetics
2025-07-10 08:52:20,340 - INFO - Inserted message 18450 from lobelia4cosmetics
2025-07-10 08:52:20,342 - INFO - Inserted message 18449 from lobelia4cosmetics
2025-07-10 08:52:20,345 - INFO - Inserted message 18448 from lobelia4cosmetics
2025-07-10 08:52:20,347 - INFO - Inserted message 18447 from lobelia4cosmetics
2025-07-10 08:52:20,350 - INFO - Inserted message 18446 from lobelia4cosmetics
2025-07-10 08:52:20,352 - INFO - Inserted message 18445 from lobelia4cosmetics
2025-07-10 08:52:20,354 - INFO - Inserted message 18444 from lobelia4cosmetics
2025-07-10 08:52:20,357 - INFO - Inserted message 18443 from lobelia4cosmetics
2025-07-10 08:52:20,359 - INFO - Inserted message 18442 from lobelia4cosmetics
2025-07-10 08:52:20,362 - INFO - Inserted message 18441 from lobelia4cosmetics
2025-07-10 08:52:20,365 - INFO - Inserted message 18440 from lobelia4cosmetics
2025-07-10 08:52:20,368 - INFO - Inserted message 18439 from lobelia4cosmetics
2025-07-10 08:52:20,371 - INFO - Inserted message 18438 from lobelia4cosmetics
2025-07-10 08:52:20,373 - INFO - Inserted message 18437 from lobelia4cosmetics
2025-07-10 08:52:20,375 - INFO - Inserted message 18436 from lobelia4cosmetics
2025-07-10 08:52:20,377 - INFO - Inserted message 18435 from lobelia4cosmetics
2025-07-10 08:52:20,379 - INFO - Inserted message 18434 from lobelia4cosmetics
2025-07-10 08:52:20,381 - INFO - Inserted message 18433 from lobelia4cosmetics
2025-07-10 08:52:20,384 - INFO - Inserted message 18432 from lobelia4cosmetics
2025-07-10 08:52:20,387 - INFO - Inserted message 18431 from lobelia4cosmetics
2025-07-10 08:52:20,389 - INFO - Inserted message 18430 from lobelia4cosmetics
2025-07-10 08:52:20,391 - INFO - Inserted message 18429 from lobelia4cosmetics
2025-07-10 08:52:20,392 - INFO - Inserted message 18428 from lobelia4cosmetics
2025-07-10 08:52:20,394 - INFO - Inserted message 18427 from lobelia4cosmetics
2025-07-10 08:52:20,397 - INFO - Inserted message 18426 from lobelia4cosmetics
2025-07-10 08:52:20,400 - INFO - Inserted message 18425 from lobelia4cosmetics
2025-07-10 08:52:20,402 - INFO - Inserted message 18424 from lobelia4cosmetics
2025-07-10 08:52:20,405 - INFO - Inserted message 18423 from lobelia4cosmetics
2025-07-10 08:52:20,407 - INFO - Inserted message 18422 from lobelia4cosmetics
2025-07-10 08:52:20,409 - INFO - Inserted message 18421 from lobelia4cosmetics
2025-07-10 08:52:20,410 - INFO - Inserted message 18420 from lobelia4cosmetics
2025-07-10 08:52:20,411 - INFO - Inserted message 18419 from lobelia4cosmetics
2025-07-10 08:52:20,413 - INFO - Inserted message 18418 from lobelia4cosmetics
2025-07-10 08:52:20,414 - INFO - Inserted message 18417 from lobelia4cosmetics
2025-07-10 08:52:20,415 - INFO - Inserted message 18416 from lobelia4cosmetics
2025-07-10 08:52:20,417 - INFO - Inserted message 18415 from lobelia4cosmetics
2025-07-10 08:52:20,418 - INFO - Inserted message 18414 from lobelia4cosmetics
2025-07-10 08:52:20,420 - INFO - Inserted message 18413 from lobelia4cosmetics
2025-07-10 08:52:20,421 - INFO - Inserted message 18412 from lobelia4cosmetics
2025-07-10 08:52:20,422 - INFO - Inserted message 18411 from lobelia4cosmetics
2025-07-10 08:52:20,423 - INFO - Inserted message 18410 from lobelia4cosmetics
2025-07-10 08:52:20,425 - INFO - Inserted message 18409 from lobelia4cosmetics
2025-07-10 08:52:20,427 - INFO - Inserted message 18408 from lobelia4cosmetics
2025-07-10 08:52:20,429 - INFO - Inserted message 18407 from lobelia4cosmetics
2025-07-10 08:52:20,433 - INFO - Loaded 100 messages from data/raw/telegram_messages/2025-07-10/lobelia4cosmetics/messages.json
2025-07-10 08:52:20,444 - INFO - Processing data/raw/telegram_messages/2025-07-10/tenamereja/messages.json
2025-07-10 08:52:20,466 - INFO - Inserted message 50003 from tenamereja
2025-07-10 08:52:20,467 - INFO - Inserted message 50002 from tenamereja
2025-07-10 08:52:20,469 - INFO - Inserted message 50001 from tenamereja
2025-07-10 08:52:20,470 - INFO - Inserted message 50000 from tenamereja
2025-07-10 08:52:20,473 - INFO - Inserted message 49999 from tenamereja
2025-07-10 08:52:20,474 - INFO - Inserted message 49998 from tenamereja
2025-07-10 08:52:20,475 - INFO - Inserted message 49997 from tenamereja
2025-07-10 08:52:20,477 - INFO - Inserted message 49996 from tenamereja
2025-07-10 08:52:20,478 - INFO - Inserted message 49995 from tenamereja
2025-07-10 08:52:20,479 - INFO - Inserted message 49994 from tenamereja
2025-07-10 08:52:20,480 - INFO - Inserted message 49993 from tenamereja
2025-07-10 08:52:20,481 - INFO - Inserted message 49992 from tenamereja
2025-07-10 08:52:20,483 - INFO - Inserted message 49991 from tenamereja
2025-07-10 08:52:20,484 - INFO - Inserted message 49990 from tenamereja
2025-07-10 08:52:20,485 - INFO - Inserted message 49989 from tenamereja
2025-07-10 08:52:20,487 - INFO - Inserted message 49988 from tenamereja
2025-07-10 08:52:20,490 - INFO - Inserted message 49987 from tenamereja
2025-07-10 08:52:20,491 - INFO - Inserted message 49986 from tenamereja
2025-07-10 08:52:20,493 - INFO - Inserted message 49985 from tenamereja
2025-07-10 08:52:20,494 - INFO - Inserted message 49984 from tenamereja
2025-07-10 08:52:20,495 - INFO - Inserted message 49983 from tenamereja
2025-07-10 08:52:20,497 - INFO - Inserted message 49982 from tenamereja
2025-07-10 08:52:20,498 - INFO - Inserted message 49981 from tenamereja
2025-07-10 08:52:20,499 - INFO - Inserted message 49980 from tenamereja
2025-07-10 08:52:20,500 - INFO - Inserted message 49979 from tenamereja
2025-07-10 08:52:20,502 - INFO - Inserted message 49978 from tenamereja
2025-07-10 08:52:20,505 - INFO - Inserted message 49977 from tenamereja
2025-07-10 08:52:20,507 - INFO - Inserted message 49975 from tenamereja
2025-07-10 08:52:20,508 - INFO - Inserted message 49974 from tenamereja
2025-07-10 08:52:20,510 - INFO - Inserted message 49973 from tenamereja
2025-07-10 08:52:20,512 - INFO - Inserted message 49972 from tenamereja
2025-07-10 08:52:20,513 - INFO - Inserted message 49971 from tenamereja
2025-07-10 08:52:20,514 - INFO - Inserted message 49970 from tenamereja
2025-07-10 08:52:20,515 - INFO - Inserted message 49969 from tenamereja
2025-07-10 08:52:20,516 - INFO - Inserted message 49968 from tenamereja
2025-07-10 08:52:20,518 - INFO - Inserted message 49967 from tenamereja
2025-07-10 08:52:20,519 - INFO - Inserted message 49966 from tenamereja
2025-07-10 08:52:20,521 - INFO - Inserted message 49965 from tenamereja
2025-07-10 08:52:20,523 - INFO - Inserted message 49964 from tenamereja
2025-07-10 08:52:20,525 - INFO - Inserted message 49963 from tenamereja
2025-07-10 08:52:20,526 - INFO - Inserted message 49962 from tenamereja
2025-07-10 08:52:20,528 - INFO - Inserted message 49961 from tenamereja
2025-07-10 08:52:20,529 - INFO - Inserted message 49960 from tenamereja
2025-07-10 08:52:20,530 - INFO - Inserted message 49959 from tenamereja
2025-07-10 08:52:20,531 - INFO - Inserted message 49958 from tenamereja
2025-07-10 08:52:20,533 - INFO - Inserted message 49957 from tenamereja
2025-07-10 08:52:20,534 - INFO - Inserted message 49956 from tenamereja
2025-07-10 08:52:20,535 - INFO - Inserted message 49955 from tenamereja
2025-07-10 08:52:20,537 - INFO - Inserted message 49954 from tenamereja
2025-07-10 08:52:20,538 - INFO - Inserted message 49953 from tenamereja
2025-07-10 08:52:20,540 - INFO - Inserted message 49952 from tenamereja
2025-07-10 08:52:20,542 - INFO - Inserted message 49951 from tenamereja
2025-07-10 08:52:20,544 - INFO - Inserted message 49950 from tenamereja
2025-07-10 08:52:20,545 - INFO - Inserted message 49949 from tenamereja
2025-07-10 08:52:20,546 - INFO - Inserted message 49948 from tenamereja
2025-07-10 08:52:20,547 - INFO - Inserted message 49947 from tenamereja
2025-07-10 08:52:20,548 - INFO - Inserted message 49946 from tenamereja
2025-07-10 08:52:20,550 - INFO - Inserted message 49945 from tenamereja
2025-07-10 08:52:20,552 - INFO - Inserted message 49944 from tenamereja
2025-07-10 08:52:20,553 - INFO - Inserted message 49943 from tenamereja
2025-07-10 08:52:20,554 - INFO - Inserted message 49942 from tenamereja
2025-07-10 08:52:20,556 - INFO - Inserted message 49941 from tenamereja
2025-07-10 08:52:20,557 - INFO - Inserted message 49940 from tenamereja
2025-07-10 08:52:20,558 - INFO - Inserted message 49939 from tenamereja
2025-07-10 08:52:20,559 - INFO - Inserted message 49938 from tenamereja
2025-07-10 08:52:20,560 - INFO - Inserted message 49937 from tenamereja
2025-07-10 08:52:20,562 - INFO - Inserted message 49936 from tenamereja
2025-07-10 08:52:20,563 - INFO - Inserted message 49935 from tenamereja
2025-07-10 08:52:20,565 - INFO - Inserted message 49934 from tenamereja
2025-07-10 08:52:20,567 - INFO - Inserted message 49933 from tenamereja
2025-07-10 08:52:20,569 - INFO - Inserted message 49932 from tenamereja
2025-07-10 08:52:20,571 - INFO - Inserted message 49931 from tenamereja
2025-07-10 08:52:20,573 - INFO - Inserted message 49929 from tenamereja
2025-07-10 08:52:20,574 - INFO - Inserted message 49928 from tenamereja
2025-07-10 08:52:20,575 - INFO - Inserted message 49927 from tenamereja
2025-07-10 08:52:20,577 - INFO - Inserted message 49926 from tenamereja
2025-07-10 08:52:20,578 - INFO - Inserted message 49925 from tenamereja
2025-07-10 08:52:20,579 - INFO - Inserted message 49924 from tenamereja
2025-07-10 08:52:20,580 - INFO - Inserted message 49922 from tenamereja
2025-07-10 08:52:20,581 - INFO - Inserted message 49921 from tenamereja
2025-07-10 08:52:20,582 - INFO - Inserted message 49920 from tenamereja
2025-07-10 08:52:20,583 - INFO - Inserted message 49919 from tenamereja
2025-07-10 08:52:20,585 - INFO - Inserted message 49916 from tenamereja
2025-07-10 08:52:20,586 - INFO - Inserted message 49915 from tenamereja
2025-07-10 08:52:20,588 - INFO - Inserted message 49914 from tenamereja
2025-07-10 08:52:20,589 - INFO - Inserted message 49913 from tenamereja
2025-07-10 08:52:20,591 - INFO - Inserted message 49912 from tenamereja
2025-07-10 08:52:20,592 - INFO - Inserted message 49911 from tenamereja
2025-07-10 08:52:20,593 - INFO - Inserted message 49910 from tenamereja
2025-07-10 08:52:20,594 - INFO - Inserted message 49909 from tenamereja
2025-07-10 08:52:20,595 - INFO - Inserted message 49908 from tenamereja
2025-07-10 08:52:20,596 - INFO - Inserted message 49907 from tenamereja
2025-07-10 08:52:20,597 - INFO - Inserted message 49906 from tenamereja
2025-07-10 08:52:20,598 - INFO - Inserted message 49905 from tenamereja
2025-07-10 08:52:20,599 - INFO - Inserted message 49904 from tenamereja
2025-07-10 08:52:20,601 - INFO - Inserted message 49903 from tenamereja
2025-07-10 08:52:20,602 - INFO - Inserted message 49902 from tenamereja
2025-07-10 08:52:20,603 - INFO - Inserted message 49901 from tenamereja
2025-07-10 08:52:20,604 - INFO - Inserted message 49900 from tenamereja
2025-07-10 08:52:20,605 - INFO - Inserted message 49899 from tenamereja
2025-07-10 08:52:20,608 - INFO - Loaded 100 messages from data/raw/telegram_messages/2025-07-10/tenamereja/messages.json
2025-07-10 08:52:20,620 - INFO - Processing data/raw/telegram_messages/2025-07-10/Thequorachannel/messages.json
2025-07-10 08:52:20,638 - INFO - Inserted message 13914 from Thequorachannel
2025-07-10 08:52:20,639 - INFO - Inserted message 13913 from Thequorachannel
2025-07-10 08:52:20,640 - INFO - Inserted message 13912 from Thequorachannel
2025-07-10 08:52:20,641 - INFO - Inserted message 13911 from Thequorachannel
2025-07-10 08:52:20,643 - INFO - Inserted message 13910 from Thequorachannel
2025-07-10 08:52:20,645 - INFO - Inserted message 13909 from Thequorachannel
2025-07-10 08:52:20,646 - INFO - Inserted message 13908 from Thequorachannel
2025-07-10 08:52:20,647 - INFO - Inserted message 13907 from Thequorachannel
2025-07-10 08:52:20,648 - INFO - Inserted message 13906 from Thequorachannel
2025-07-10 08:52:20,649 - INFO - Inserted message 13905 from Thequorachannel
2025-07-10 08:52:20,650 - INFO - Inserted message 13904 from Thequorachannel
2025-07-10 08:52:20,652 - INFO - Inserted message 13903 from Thequorachannel
2025-07-10 08:52:20,653 - INFO - Inserted message 13902 from Thequorachannel
2025-07-10 08:52:20,654 - INFO - Inserted message 13901 from Thequorachannel
2025-07-10 08:52:20,655 - INFO - Inserted message 13900 from Thequorachannel
2025-07-10 08:52:20,657 - INFO - Inserted message 13899 from Thequorachannel
2025-07-10 08:52:20,658 - INFO - Inserted message 13898 from Thequorachannel
2025-07-10 08:52:20,659 - INFO - Inserted message 13897 from Thequorachannel
2025-07-10 08:52:20,660 - INFO - Inserted message 13896 from Thequorachannel
2025-07-10 08:52:20,662 - INFO - Inserted message 13895 from Thequorachannel
2025-07-10 08:52:20,663 - INFO - Inserted message 13894 from Thequorachannel
2025-07-10 08:52:20,665 - INFO - Inserted message 13893 from Thequorachannel
2025-07-10 08:52:20,666 - INFO - Inserted message 13892 from Thequorachannel
2025-07-10 08:52:20,667 - INFO - Inserted message 13891 from Thequorachannel
2025-07-10 08:52:20,669 - INFO - Inserted message 13890 from Thequorachannel
2025-07-10 08:52:20,670 - INFO - Inserted message 13889 from Thequorachannel
2025-07-10 08:52:20,671 - INFO - Inserted message 13888 from Thequorachannel
2025-07-10 08:52:20,673 - INFO - Inserted message 13887 from Thequorachannel
2025-07-10 08:52:20,674 - INFO - Inserted message 13886 from Thequorachannel
2025-07-10 08:52:20,676 - INFO - Inserted message 13885 from Thequorachannel
2025-07-10 08:52:20,677 - INFO - Inserted message 13884 from Thequorachannel
2025-07-10 08:52:20,678 - INFO - Inserted message 13883 from Thequorachannel
2025-07-10 08:52:20,680 - INFO - Inserted message 13882 from Thequorachannel
2025-07-10 08:52:20,681 - INFO - Inserted message 13881 from Thequorachannel
2025-07-10 08:52:20,682 - INFO - Inserted message 13880 from Thequorachannel
2025-07-10 08:52:20,683 - INFO - Inserted message 13878 from Thequorachannel
2025-07-10 08:52:20,684 - INFO - Inserted message 13877 from Thequorachannel
2025-07-10 08:52:20,686 - INFO - Inserted message 13876 from Thequorachannel
2025-07-10 08:52:20,688 - INFO - Inserted message 13875 from Thequorachannel
2025-07-10 08:52:20,690 - INFO - Inserted message 13874 from Thequorachannel
2025-07-10 08:52:20,692 - INFO - Inserted message 13873 from Thequorachannel
2025-07-10 08:52:20,694 - INFO - Inserted message 13872 from Thequorachannel
2025-07-10 08:52:20,696 - INFO - Inserted message 13871 from Thequorachannel
2025-07-10 08:52:20,697 - INFO - Inserted message 13870 from Thequorachannel
2025-07-10 08:52:20,698 - INFO - Inserted message 13869 from Thequorachannel
2025-07-10 08:52:20,699 - INFO - Inserted message 13868 from Thequorachannel
2025-07-10 08:52:20,701 - INFO - Inserted message 13867 from Thequorachannel
2025-07-10 08:52:20,703 - INFO - Inserted message 13866 from Thequorachannel
2025-07-10 08:52:20,704 - INFO - Inserted message 13865 from Thequorachannel
2025-07-10 08:52:20,705 - INFO - Inserted message 13864 from Thequorachannel
2025-07-10 08:52:20,707 - INFO - Inserted message 13863 from Thequorachannel
2025-07-10 08:52:20,709 - INFO - Inserted message 13862 from Thequorachannel
2025-07-10 08:52:20,710 - INFO - Inserted message 13861 from Thequorachannel
2025-07-10 08:52:20,711 - INFO - Inserted message 13860 from Thequorachannel
2025-07-10 08:52:20,712 - INFO - Inserted message 13859 from Thequorachannel
2025-07-10 08:52:20,713 - INFO - Inserted message 13858 from Thequorachannel
2025-07-10 08:52:20,715 - INFO - Inserted message 13857 from Thequorachannel
2025-07-10 08:52:20,717 - INFO - Inserted message 13856 from Thequorachannel
2025-07-10 08:52:20,718 - INFO - Inserted message 13855 from Thequorachannel
2025-07-10 08:52:20,719 - INFO - Inserted message 13854 from Thequorachannel
2025-07-10 08:52:20,722 - INFO - Inserted message 13853 from Thequorachannel
2025-07-10 08:52:20,725 - INFO - Inserted message 13852 from Thequorachannel
2025-07-10 08:52:20,726 - INFO - Inserted message 13851 from Thequorachannel
2025-07-10 08:52:20,730 - INFO - Inserted message 13850 from Thequorachannel
2025-07-10 08:52:20,731 - INFO - Inserted message 13849 from Thequorachannel
2025-07-10 08:52:20,732 - INFO - Inserted message 13847 from Thequorachannel
2025-07-10 08:52:20,734 - INFO - Inserted message 13846 from Thequorachannel
2025-07-10 08:52:20,736 - INFO - Inserted message 13845 from Thequorachannel
2025-07-10 08:52:20,737 - INFO - Inserted message 13844 from Thequorachannel
2025-07-10 08:52:20,739 - INFO - Inserted message 13843 from Thequorachannel
2025-07-10 08:52:20,741 - INFO - Inserted message 13842 from Thequorachannel
2025-07-10 08:52:20,743 - INFO - Inserted message 13841 from Thequorachannel
2025-07-10 08:52:20,744 - INFO - Inserted message 13840 from Thequorachannel
2025-07-10 08:52:20,745 - INFO - Inserted message 13839 from Thequorachannel
2025-07-10 08:52:20,746 - INFO - Inserted message 13838 from Thequorachannel
2025-07-10 08:52:20,747 - INFO - Inserted message 13836 from Thequorachannel
2025-07-10 08:52:20,748 - INFO - Inserted message 13835 from Thequorachannel
2025-07-10 08:52:20,749 - INFO - Inserted message 13833 from Thequorachannel
2025-07-10 08:52:20,750 - INFO - Inserted message 13832 from Thequorachannel
2025-07-10 08:52:20,751 - INFO - Inserted message 13831 from Thequorachannel
2025-07-10 08:52:20,753 - INFO - Inserted message 13830 from Thequorachannel
2025-07-10 08:52:20,756 - INFO - Inserted message 13829 from Thequorachannel
2025-07-10 08:52:20,757 - INFO - Inserted message 13828 from Thequorachannel
2025-07-10 08:52:20,758 - INFO - Inserted message 13827 from Thequorachannel
2025-07-10 08:52:20,759 - INFO - Inserted message 13826 from Thequorachannel
2025-07-10 08:52:20,760 - INFO - Inserted message 13825 from Thequorachannel
2025-07-10 08:52:20,760 - INFO - Inserted message 13824 from Thequorachannel
2025-07-10 08:52:20,761 - INFO - Inserted message 13823 from Thequorachannel
2025-07-10 08:52:20,762 - INFO - Inserted message 13822 from Thequorachannel
2025-07-10 08:52:20,762 - INFO - Inserted message 13820 from Thequorachannel
2025-07-10 08:52:20,763 - INFO - Inserted message 13819 from Thequorachannel
2025-07-10 08:52:20,764 - INFO - Inserted message 13818 from Thequorachannel
2025-07-10 08:52:20,765 - INFO - Inserted message 13817 from Thequorachannel
2025-07-10 08:52:20,766 - INFO - Inserted message 13816 from Thequorachannel
2025-07-10 08:52:20,766 - INFO - Inserted message 13814 from Thequorachannel
2025-07-10 08:52:20,768 - INFO - Inserted message 13813 from Thequorachannel
2025-07-10 08:52:20,770 - INFO - Inserted message 13812 from Thequorachannel
2025-07-10 08:52:20,771 - INFO - Inserted message 13811 from Thequorachannel
2025-07-10 08:52:20,773 - INFO - Inserted message 13810 from Thequorachannel
2025-07-10 08:52:20,774 - INFO - Inserted message 13808 from Thequorachannel
2025-07-10 08:52:20,790 - INFO - Loaded 100 messages from data/raw/telegram_messages/2025-07-10/Thequorachannel/messages.json
2025-07-10 08:52:20,799 - INFO - Processing data/raw/telegram_messages/2025-07-10/tikvahpharma/messages.json
2025-07-10 08:52:20,820 - INFO - Inserted message 172123 from tikvahpharma
2025-07-10 08:52:20,821 - INFO - Inserted message 172122 from tikvahpharma
2025-07-10 08:52:20,823 - INFO - Inserted message 172121 from tikvahpharma
2025-07-10 08:52:20,825 - INFO - Inserted message 172120 from tikvahpharma
2025-07-10 08:52:20,827 - INFO - Inserted message 172119 from tikvahpharma
2025-07-10 08:52:20,829 - INFO - Inserted message 172118 from tikvahpharma
2025-07-10 08:52:20,831 - INFO - Inserted message 172117 from tikvahpharma
2025-07-10 08:52:20,832 - INFO - Inserted message 172116 from tikvahpharma
2025-07-10 08:52:20,834 - INFO - Inserted message 172115 from tikvahpharma
2025-07-10 08:52:20,835 - INFO - Inserted message 172114 from tikvahpharma
2025-07-10 08:52:20,837 - INFO - Inserted message 172113 from tikvahpharma
2025-07-10 08:52:20,839 - INFO - Inserted message 172112 from tikvahpharma
2025-07-10 08:52:20,841 - INFO - Inserted message 172111 from tikvahpharma
2025-07-10 08:52:20,843 - INFO - Inserted message 172110 from tikvahpharma
2025-07-10 08:52:20,844 - INFO - Inserted message 172109 from tikvahpharma
2025-07-10 08:52:20,846 - INFO - Inserted message 172108 from tikvahpharma
2025-07-10 08:52:20,848 - INFO - Inserted message 172107 from tikvahpharma
2025-07-10 08:52:20,850 - INFO - Inserted message 172106 from tikvahpharma
2025-07-10 08:52:20,852 - INFO - Inserted message 172105 from tikvahpharma
2025-07-10 08:52:20,853 - INFO - Inserted message 172104 from tikvahpharma
2025-07-10 08:52:20,855 - INFO - Inserted message 172103 from tikvahpharma
2025-07-10 08:52:20,856 - INFO - Inserted message 172102 from tikvahpharma
2025-07-10 08:52:20,858 - INFO - Inserted message 172101 from tikvahpharma
2025-07-10 08:52:20,860 - INFO - Inserted message 172100 from tikvahpharma
2025-07-10 08:52:20,862 - INFO - Inserted message 172099 from tikvahpharma
2025-07-10 08:52:20,864 - INFO - Inserted message 172098 from tikvahpharma
2025-07-10 08:52:20,865 - INFO - Inserted message 172097 from tikvahpharma
2025-07-10 08:52:20,867 - INFO - Inserted message 172095 from tikvahpharma
2025-07-10 08:52:20,869 - INFO - Inserted message 172093 from tikvahpharma
2025-07-10 08:52:20,870 - INFO - Inserted message 172092 from tikvahpharma
2025-07-10 08:52:20,872 - INFO - Inserted message 172091 from tikvahpharma
2025-07-10 08:52:20,873 - INFO - Inserted message 172090 from tikvahpharma
2025-07-10 08:52:20,875 - INFO - Inserted message 172089 from tikvahpharma
2025-07-10 08:52:20,877 - INFO - Inserted message 172088 from tikvahpharma
2025-07-10 08:52:20,879 - INFO - Inserted message 172087 from tikvahpharma
2025-07-10 08:52:20,881 - INFO - Inserted message 172086 from tikvahpharma
2025-07-10 08:52:20,883 - INFO - Inserted message 172085 from tikvahpharma
2025-07-10 08:52:20,885 - INFO - Inserted message 172084 from tikvahpharma
2025-07-10 08:52:20,887 - INFO - Inserted message 172083 from tikvahpharma
2025-07-10 08:52:20,889 - INFO - Inserted message 172082 from tikvahpharma
2025-07-10 08:52:20,891 - INFO - Inserted message 172081 from tikvahpharma
2025-07-10 08:52:20,893 - INFO - Inserted message 172080 from tikvahpharma
2025-07-10 08:52:20,895 - INFO - Inserted message 172079 from tikvahpharma
2025-07-10 08:52:20,897 - INFO - Inserted message 172078 from tikvahpharma
2025-07-10 08:52:20,899 - INFO - Inserted message 172077 from tikvahpharma
2025-07-10 08:52:20,901 - INFO - Inserted message 172076 from tikvahpharma
2025-07-10 08:52:20,902 - INFO - Inserted message 172075 from tikvahpharma
2025-07-10 08:52:20,905 - INFO - Inserted message 172074 from tikvahpharma
2025-07-10 08:52:20,907 - INFO - Inserted message 172073 from tikvahpharma
2025-07-10 08:52:20,908 - INFO - Inserted message 172072 from tikvahpharma
2025-07-10 08:52:20,910 - INFO - Inserted message 172071 from tikvahpharma
2025-07-10 08:52:20,912 - INFO - Inserted message 172070 from tikvahpharma
2025-07-10 08:52:20,913 - INFO - Inserted message 172067 from tikvahpharma
2025-07-10 08:52:20,915 - INFO - Inserted message 172066 from tikvahpharma
2025-07-10 08:52:20,917 - INFO - Inserted message 172065 from tikvahpharma
2025-07-10 08:52:20,919 - INFO - Inserted message 172064 from tikvahpharma
2025-07-10 08:52:20,921 - INFO - Inserted message 172063 from tikvahpharma
2025-07-10 08:52:20,922 - INFO - Inserted message 172062 from tikvahpharma
2025-07-10 08:52:20,924 - INFO - Inserted message 172061 from tikvahpharma
2025-07-10 08:52:20,925 - INFO - Inserted message 172060 from tikvahpharma
2025-07-10 08:52:20,927 - INFO - Inserted message 172059 from tikvahpharma
2025-07-10 08:52:20,929 - INFO - Inserted message 172058 from tikvahpharma
2025-07-10 08:52:20,931 - INFO - Inserted message 172057 from tikvahpharma
2025-07-10 08:52:20,933 - INFO - Inserted message 172054 from tikvahpharma
2025-07-10 08:52:20,935 - INFO - Inserted message 172049 from tikvahpharma
2025-07-10 08:52:20,939 - INFO - Inserted message 172045 from tikvahpharma
2025-07-10 08:52:20,940 - INFO - Inserted message 172044 from tikvahpharma
2025-07-10 08:52:20,941 - INFO - Inserted message 172043 from tikvahpharma
2025-07-10 08:52:20,942 - INFO - Inserted message 172041 from tikvahpharma
2025-07-10 08:52:20,943 - INFO - Inserted message 172040 from tikvahpharma
2025-07-10 08:52:20,945 - INFO - Inserted message 172039 from tikvahpharma
2025-07-10 08:52:20,947 - INFO - Inserted message 172038 from tikvahpharma
2025-07-10 08:52:20,949 - INFO - Inserted message 172035 from tikvahpharma
2025-07-10 08:52:20,951 - INFO - Inserted message 172033 from tikvahpharma
2025-07-10 08:52:20,952 - INFO - Inserted message 172032 from tikvahpharma
2025-07-10 08:52:20,953 - INFO - Inserted message 172031 from tikvahpharma
2025-07-10 08:52:20,955 - INFO - Inserted message 172030 from tikvahpharma
2025-07-10 08:52:20,957 - INFO - Inserted message 172029 from tikvahpharma
2025-07-10 08:52:20,959 - INFO - Inserted message 172028 from tikvahpharma
2025-07-10 08:52:20,961 - INFO - Inserted message 172027 from tikvahpharma
2025-07-10 08:52:20,963 - INFO - Inserted message 172026 from tikvahpharma
2025-07-10 08:52:20,964 - INFO - Inserted message 172025 from tikvahpharma
2025-07-10 08:52:20,965 - INFO - Inserted message 172024 from tikvahpharma
2025-07-10 08:52:20,967 - INFO - Inserted message 172023 from tikvahpharma
2025-07-10 08:52:20,969 - INFO - Inserted message 172022 from tikvahpharma
2025-07-10 08:52:20,971 - INFO - Inserted message 172021 from tikvahpharma
2025-07-10 08:52:20,974 - INFO - Inserted message 172020 from tikvahpharma
2025-07-10 08:52:20,976 - INFO - Inserted message 172019 from tikvahpharma
2025-07-10 08:52:20,979 - INFO - Inserted message 172018 from tikvahpharma
2025-07-10 08:52:20,980 - INFO - Inserted message 172017 from tikvahpharma
2025-07-10 08:52:20,982 - INFO - Inserted message 172016 from tikvahpharma
2025-07-10 08:52:20,984 - INFO - Inserted message 172015 from tikvahpharma
2025-07-10 08:52:20,987 - INFO - Inserted message 172014 from tikvahpharma
2025-07-10 08:52:20,988 - INFO - Inserted message 172012 from tikvahpharma
2025-07-10 08:52:20,990 - INFO - Inserted message 172011 from tikvahpharma
2025-07-10 08:52:20,991 - INFO - Inserted message 172010 from tikvahpharma
2025-07-10 08:52:20,994 - INFO - Inserted message 172009 from tikvahpharma
2025-07-10 08:52:20,995 - INFO - Inserted message 172004 from tikvahpharma
2025-07-10 08:52:20,997 - INFO - Inserted message 172002 from tikvahpharma
2025-07-10 08:52:20,999 - INFO - Inserted message 172001 from tikvahpharma
2025-07-10 08:52:21,008 - INFO - Loaded 100 messages from data/raw/telegram_messages/2025-07-10/tikvahpharma/messages.json
2025-07-10 08:52:21,238 - INFO - PostgreSQL connection closed
